Started GET "/orders/new?user_email=saurabh.bansal%40codingninjas.com&is_event=" for ::1 at 2023-08-18 20:42:19 +0530
  
ActionController::RoutingError (No route matches [GET] "/orders/new"):
  
Started GET "/" for ::1 at 2023-08-18 20:42:22 +0530
Processing by Rails::WelcomeController#index as HTML
  Rendering /Users/saurabhbansal/.gem/ruby/3.1.4/gems/railties-7.0.7/lib/rails/templates/rails/welcome/index.html.erb
  Rendered /Users/saurabhbansal/.gem/ruby/3.1.4/gems/railties-7.0.7/lib/rails/templates/rails/welcome/index.html.erb (Duration: 0.7ms | Allocations: 303)
Completed 200 OK in 8ms (Views: 1.5ms | ActiveRecord: 0.0ms | Allocations: 2836)


Started GET "/events" for ::1 at 2023-08-18 20:48:19 +0530
Processing by EventsController#index as HTML
  Rendering layout layouts/application.html.erb
  Rendering events/index.html.erb within layouts/application
  Rendered events/index.html.erb within layouts/application (Duration: 0.2ms | Allocations: 121)
  Rendered layout layouts/application.html.erb (Duration: 663.2ms | Allocations: 78619)
Completed 200 OK in 665ms (Views: 664.2ms | ActiveRecord: 0.0ms | Allocations: 79726)


  [1m[35m (1.2ms)[0m  [1m[35mCREATE TABLE "schema_migrations" ("version" varchar NOT NULL PRIMARY KEY)[0m
  [1m[35m (0.5ms)[0m  [1m[35mCREATE TABLE "ar_internal_metadata" ("key" varchar NOT NULL PRIMARY KEY, "value" varchar, "created_at" datetime(6) NOT NULL, "updated_at" datetime(6) NOT NULL)[0m
  [1m[36mActiveRecord::SchemaMigration Pluck (0.1ms)[0m  [1m[34mSELECT "schema_migrations"."version" FROM "schema_migrations" ORDER BY "schema_migrations"."version" ASC[0m
Migrating to CreateEvents (20230818151918)
  [1m[36mActiveRecord::SchemaMigration Pluck (0.0ms)[0m  [1m[34mSELECT "schema_migrations"."version" FROM "schema_migrations" ORDER BY "schema_migrations"."version" ASC[0m
Migrating to CreateEvents (20230818151918)
  [1m[36mTRANSACTION (0.0ms)[0m  [1m[36mbegin transaction[0m
  [1m[35m (0.2ms)[0m  [1m[35mCREATE TABLE "events" ("id" integer PRIMARY KEY AUTOINCREMENT NOT NULL, "name" varchar, "description" varchar, "rules" json, "created_at" datetime(6) NOT NULL, "updated_at" datetime(6) NOT NULL)[0m
  [1m[36mActiveRecord::SchemaMigration Create (0.1ms)[0m  [1m[32mINSERT INTO "schema_migrations" ("version") VALUES (?)[0m  [["version", "20230818151918"]]
  [1m[36mTRANSACTION (2.2ms)[0m  [1m[36mcommit transaction[0m
Migrating to CreateTrackingPlans (20230818185952)
  [1m[36mTRANSACTION (0.0ms)[0m  [1m[36mbegin transaction[0m
  [1m[35m (0.1ms)[0m  [1m[35mCREATE TABLE "tracking_plans" ("id" integer PRIMARY KEY AUTOINCREMENT NOT NULL, "name" varchar, "created_at" datetime(6) NOT NULL, "updated_at" datetime(6) NOT NULL)[0m
  [1m[36mActiveRecord::SchemaMigration Create (0.0ms)[0m  [1m[32mINSERT INTO "schema_migrations" ("version") VALUES (?)[0m  [["version", "20230818185952"]]
  [1m[36mTRANSACTION (0.3ms)[0m  [1m[36mcommit transaction[0m
Migrating to CreateTrackingPlanToEventMappings (20230818190101)
  [1m[36mTRANSACTION (0.0ms)[0m  [1m[36mbegin transaction[0m
  [1m[35m (0.1ms)[0m  [1m[35mCREATE TABLE "tracking_plan_to_event_mappings" ("id" integer PRIMARY KEY AUTOINCREMENT NOT NULL, "events_id" integer, "tracking_plans_id" integer, "created_at" datetime(6) NOT NULL, "updated_at" datetime(6) NOT NULL, CONSTRAINT "fk_rails_52050022f5"
FOREIGN KEY ("events_id")
  REFERENCES "events" ("id")
, CONSTRAINT "fk_rails_917dd78bd9"
FOREIGN KEY ("tracking_plans_id")
  REFERENCES "tracking_plans" ("id")
)[0m
  [1m[35m (0.0ms)[0m  [1m[35mCREATE INDEX "index_tracking_plan_to_event_mappings_on_events_id" ON "tracking_plan_to_event_mappings" ("events_id")[0m
  [1m[35m (0.0ms)[0m  [1m[35mCREATE INDEX "index_tracking_plan_to_event_mappings_on_tracking_plans_id" ON "tracking_plan_to_event_mappings" ("tracking_plans_id")[0m
  [1m[36mActiveRecord::SchemaMigration Create (0.0ms)[0m  [1m[32mINSERT INTO "schema_migrations" ("version") VALUES (?)[0m  [["version", "20230818190101"]]
  [1m[36mTRANSACTION (0.3ms)[0m  [1m[36mcommit transaction[0m
  [1m[36mActiveRecord::InternalMetadata Load (0.0ms)[0m  [1m[34mSELECT "ar_internal_metadata".* FROM "ar_internal_metadata" WHERE "ar_internal_metadata"."key" = ? LIMIT ?[0m  [["key", "environment"], ["LIMIT", 1]]
  [1m[36mTRANSACTION (0.0ms)[0m  [1m[36mbegin transaction[0m
  [1m[36mActiveRecord::InternalMetadata Create (0.1ms)[0m  [1m[32mINSERT INTO "ar_internal_metadata" ("key", "value", "created_at", "updated_at") VALUES (?, ?, ?, ?)[0m  [["key", "environment"], ["value", "development"], ["created_at", "2023-08-18 19:05:40.999724"], ["updated_at", "2023-08-18 19:05:40.999724"]]
  [1m[36mTRANSACTION (0.3ms)[0m  [1m[36mcommit transaction[0m
  [1m[36mActiveRecord::SchemaMigration Pluck (0.0ms)[0m  [1m[34mSELECT "schema_migrations"."version" FROM "schema_migrations" ORDER BY "schema_migrations"."version" ASC[0m
  [1m[36mTRANSACTION (0.1ms)[0m  [1m[36mbegin transaction[0m
  [1m[36mEvent Create (0.8ms)[0m  [1m[32mINSERT INTO "events" ("name", "description", "rules", "created_at", "updated_at") VALUES (?, ?, ?, ?, ?)[0m  [["name", "My event"], ["description", "asdf"], ["rules", "{}"], ["created_at", "2023-08-18 19:06:41.881074"], ["updated_at", "2023-08-18 19:06:41.881074"]]
  [1m[36mTRANSACTION (1.3ms)[0m  [1m[36mcommit transaction[0m
Started GET "/api/events/create_event" for ::1 at 2023-08-19 13:20:03 +0530
  [1m[36mActiveRecord::SchemaMigration Pluck (0.1ms)[0m  [1m[34mSELECT "schema_migrations"."version" FROM "schema_migrations" ORDER BY "schema_migrations"."version" ASC[0m
  
ActionController::RoutingError (No route matches [GET] "/api/events/create_event"):
  
Started POST "/api/events/create_event" for ::1 at 2023-08-19 13:20:10 +0530
  
ActionController::RoutingError (uninitialized constant Api::EventsApiController

      Object.const_get(camel_cased_word)
            ^^^^^^^^^^
Did you mean?  EventsController
               Api::EventsApiContoller

            raise MissingController.new(error.message, error.name)
            ^^^^^):
  
Started POST "/api/events/create_event" for ::1 at 2023-08-19 13:20:38 +0530
  
ActionController::RoutingError (uninitialized constant Api::EventsApiController

      Object.const_get(camel_cased_word)
            ^^^^^^^^^^
Did you mean?  EventsController
               Api::EventsApiContoller

            raise MissingController.new(error.message, error.name)
            ^^^^^):
  
Started POST "/api/events/create_event" for ::1 at 2023-08-19 13:21:13 +0530
  
ActionController::RoutingError (uninitialized constant Api::EventsApiController

      Object.const_get(camel_cased_word)
            ^^^^^^^^^^
Did you mean?  EventsController
               Api::EventsApiContoller

            raise MissingController.new(error.message, error.name)
            ^^^^^):
  
Started POST "/api/events/create_event" for ::1 at 2023-08-19 13:27:02 +0530
  
ActionController::RoutingError (uninitialized constant Api::EventsApiController

      Object.const_get(camel_cased_word)
            ^^^^^^^^^^
Did you mean?  EventsController
               Api::EventsApiContoller

            raise MissingController.new(error.message, error.name)
            ^^^^^):
  
Started POST "/api/events/create_event" for ::1 at 2023-08-19 13:27:08 +0530
  
ActionController::RoutingError (uninitialized constant Api::EventsApiController

      Object.const_get(camel_cased_word)
            ^^^^^^^^^^
Did you mean?  EventsController
               Api::EventsApiContoller

            raise MissingController.new(error.message, error.name)
            ^^^^^):
  
Started POST "/api/events/create_event" for ::1 at 2023-08-19 13:27:52 +0530
  [1m[36mActiveRecord::SchemaMigration Pluck (0.1ms)[0m  [1m[34mSELECT "schema_migrations"."version" FROM "schema_migrations" ORDER BY "schema_migrations"."version" ASC[0m
  
ActionController::RoutingError (uninitialized constant Api::EventsApiController

      Object.const_get(camel_cased_word)
            ^^^^^^^^^^
Did you mean?  EventsController
               Api::EventsApiContoller

            raise MissingController.new(error.message, error.name)
            ^^^^^):
  
Started POST "/api/events/create_event" for ::1 at 2023-08-19 13:28:53 +0530
  
ActionController::RoutingError (uninitialized constant Api::EventsApiController

      Object.const_get(camel_cased_word)
            ^^^^^^^^^^
Did you mean?  EventsController
               Api::EventsApiContoller

            raise MissingController.new(error.message, error.name)
            ^^^^^):
  
Started POST "/api/events/create_event" for ::1 at 2023-08-19 13:29:17 +0530
  [1m[36mActiveRecord::SchemaMigration Pluck (0.1ms)[0m  [1m[34mSELECT "schema_migrations"."version" FROM "schema_migrations" ORDER BY "schema_migrations"."version" ASC[0m
  
NameError (uninitialized constant ApiController

  class EventsApiController < ::ApiController
                              ^^^^^^^^^^^^^^^
Did you mean?  ApplicationController):
  
app/controllers/api/events_api_controller.rb:2:in `<module:Api>'
app/controllers/api/events_api_controller.rb:1:in `<main>'
Started POST "/api/events/create_event" for ::1 at 2023-08-19 13:30:37 +0530
  
NameError (uninitialized constant ApiController

  class EventsApiController < ::ApiController
                              ^^^^^^^^^^^^^^^
Did you mean?  ApplicationController):
  
app/controllers/api/events_api_controller.rb:2:in `<module:Api>'
app/controllers/api/events_api_controller.rb:1:in `<main>'
Started POST "/api/events/create_event" for ::1 at 2023-08-19 13:30:56 +0530
  [1m[36mActiveRecord::SchemaMigration Pluck (0.1ms)[0m  [1m[34mSELECT "schema_migrations"."version" FROM "schema_migrations" ORDER BY "schema_migrations"."version" ASC[0m
  
NoMethodError (undefined method `api' for Api::EventsApiController:Class

    api :POST, 'aws_educate_registration/check_status', 'Get the current status of User Aws credits'
    ^^^):
  
app/controllers/api/events_api_controller.rb:4:in `<class:EventsApiController>'
app/controllers/api/events_api_controller.rb:2:in `<module:Api>'
app/controllers/api/events_api_controller.rb:1:in `<main>'
Started POST "/api/events/create_event" for ::1 at 2023-08-19 19:03:09 +0530
  
ActionController::RoutingError (No route matches [POST] "/api/events/create_event"):
  
Started POST "/api/v1/events/create_event" for ::1 at 2023-08-19 19:03:32 +0530
  
ActionController::RoutingError (No route matches [POST] "/api/v1/events/create_event"):
  
Started POST "/api/v1/events/create" for ::1 at 2023-08-19 19:03:56 +0530
  
ActionController::RoutingError (No route matches [POST] "/api/v1/events/create"):
  
Started POST "/api/v1/events/create" for ::1 at 2023-08-19 19:05:05 +0530
  
ActionController::RoutingError (No route matches [POST] "/api/v1/events/create"):
  
Started POST "/api/v1/events" for ::1 at 2023-08-19 19:05:12 +0530
Processing by Api::V1::EventsController#create as */*
Can't verify CSRF token authenticity.
Completed 422 Unprocessable Entity in 1ms (ActiveRecord: 0.0ms | Allocations: 576)


  
ActionController::InvalidAuthenticityToken (Can't verify CSRF token authenticity.):
  
actionpack (7.0.7) lib/action_controller/metal/request_forgery_protection.rb:253:in `handle_unverified_request'
actionpack (7.0.7) lib/action_controller/metal/request_forgery_protection.rb:286:in `handle_unverified_request'
actionpack (7.0.7) lib/action_controller/metal/request_forgery_protection.rb:275:in `verify_authenticity_token'
activesupport (7.0.7) lib/active_support/callbacks.rb:400:in `block in make_lambda'
activesupport (7.0.7) lib/active_support/callbacks.rb:199:in `block (2 levels) in halting'
actionpack (7.0.7) lib/abstract_controller/callbacks.rb:34:in `block (2 levels) in <module:Callbacks>'
activesupport (7.0.7) lib/active_support/callbacks.rb:200:in `block in halting'
activesupport (7.0.7) lib/active_support/callbacks.rb:595:in `block in invoke_before'
activesupport (7.0.7) lib/active_support/callbacks.rb:595:in `each'
activesupport (7.0.7) lib/active_support/callbacks.rb:595:in `invoke_before'
activesupport (7.0.7) lib/active_support/callbacks.rb:116:in `block in run_callbacks'
activesupport (7.0.7) lib/active_support/callbacks.rb:138:in `run_callbacks'
actionpack (7.0.7) lib/abstract_controller/callbacks.rb:233:in `process_action'
actionpack (7.0.7) lib/action_controller/metal/rescue.rb:23:in `process_action'
actionpack (7.0.7) lib/action_controller/metal/instrumentation.rb:67:in `block in process_action'
activesupport (7.0.7) lib/active_support/notifications.rb:206:in `block in instrument'
activesupport (7.0.7) lib/active_support/notifications/instrumenter.rb:24:in `instrument'
activesupport (7.0.7) lib/active_support/notifications.rb:206:in `instrument'
actionpack (7.0.7) lib/action_controller/metal/instrumentation.rb:66:in `process_action'
actionpack (7.0.7) lib/action_controller/metal/params_wrapper.rb:259:in `process_action'
activerecord (7.0.7) lib/active_record/railties/controller_runtime.rb:27:in `process_action'
actionpack (7.0.7) lib/abstract_controller/base.rb:151:in `process'
actionview (7.0.7) lib/action_view/rendering.rb:39:in `process'
actionpack (7.0.7) lib/action_controller/metal.rb:188:in `dispatch'
actionpack (7.0.7) lib/action_controller/metal.rb:251:in `dispatch'
actionpack (7.0.7) lib/action_dispatch/routing/route_set.rb:49:in `dispatch'
actionpack (7.0.7) lib/action_dispatch/routing/route_set.rb:32:in `serve'
actionpack (7.0.7) lib/action_dispatch/journey/router.rb:50:in `block in serve'
actionpack (7.0.7) lib/action_dispatch/journey/router.rb:32:in `each'
actionpack (7.0.7) lib/action_dispatch/journey/router.rb:32:in `serve'
actionpack (7.0.7) lib/action_dispatch/routing/route_set.rb:852:in `call'
rack (2.2.8) lib/rack/tempfile_reaper.rb:15:in `call'
rack (2.2.8) lib/rack/etag.rb:27:in `call'
rack (2.2.8) lib/rack/conditional_get.rb:40:in `call'
rack (2.2.8) lib/rack/head.rb:12:in `call'
actionpack (7.0.7) lib/action_dispatch/http/permissions_policy.rb:38:in `call'
actionpack (7.0.7) lib/action_dispatch/http/content_security_policy.rb:36:in `call'
rack (2.2.8) lib/rack/session/abstract/id.rb:266:in `context'
rack (2.2.8) lib/rack/session/abstract/id.rb:260:in `call'
actionpack (7.0.7) lib/action_dispatch/middleware/cookies.rb:704:in `call'
activerecord (7.0.7) lib/active_record/migration.rb:603:in `call'
actionpack (7.0.7) lib/action_dispatch/middleware/callbacks.rb:27:in `block in call'
activesupport (7.0.7) lib/active_support/callbacks.rb:99:in `run_callbacks'
actionpack (7.0.7) lib/action_dispatch/middleware/callbacks.rb:26:in `call'
actionpack (7.0.7) lib/action_dispatch/middleware/executor.rb:14:in `call'
actionpack (7.0.7) lib/action_dispatch/middleware/actionable_exceptions.rb:17:in `call'
actionpack (7.0.7) lib/action_dispatch/middleware/debug_exceptions.rb:28:in `call'
web-console (4.2.0) lib/web_console/middleware.rb:132:in `call_app'
web-console (4.2.0) lib/web_console/middleware.rb:28:in `block in call'
web-console (4.2.0) lib/web_console/middleware.rb:17:in `catch'
web-console (4.2.0) lib/web_console/middleware.rb:17:in `call'
actionpack (7.0.7) lib/action_dispatch/middleware/show_exceptions.rb:29:in `call'
railties (7.0.7) lib/rails/rack/logger.rb:40:in `call_app'
railties (7.0.7) lib/rails/rack/logger.rb:25:in `block in call'
activesupport (7.0.7) lib/active_support/tagged_logging.rb:99:in `block in tagged'
activesupport (7.0.7) lib/active_support/tagged_logging.rb:37:in `tagged'
activesupport (7.0.7) lib/active_support/tagged_logging.rb:99:in `tagged'
railties (7.0.7) lib/rails/rack/logger.rb:25:in `call'
sprockets-rails (3.4.2) lib/sprockets/rails/quiet_assets.rb:13:in `call'
actionpack (7.0.7) lib/action_dispatch/middleware/remote_ip.rb:93:in `call'
actionpack (7.0.7) lib/action_dispatch/middleware/request_id.rb:26:in `call'
rack (2.2.8) lib/rack/method_override.rb:24:in `call'
rack (2.2.8) lib/rack/runtime.rb:22:in `call'
activesupport (7.0.7) lib/active_support/cache/strategy/local_cache_middleware.rb:29:in `call'
actionpack (7.0.7) lib/action_dispatch/middleware/server_timing.rb:61:in `block in call'
actionpack (7.0.7) lib/action_dispatch/middleware/server_timing.rb:26:in `collect_events'
actionpack (7.0.7) lib/action_dispatch/middleware/server_timing.rb:60:in `call'
actionpack (7.0.7) lib/action_dispatch/middleware/executor.rb:14:in `call'
actionpack (7.0.7) lib/action_dispatch/middleware/static.rb:23:in `call'
rack (2.2.8) lib/rack/sendfile.rb:110:in `call'
actionpack (7.0.7) lib/action_dispatch/middleware/host_authorization.rb:137:in `call'
railties (7.0.7) lib/rails/engine.rb:530:in `call'
puma (5.6.7) lib/puma/configuration.rb:252:in `call'
puma (5.6.7) lib/puma/request.rb:77:in `block in handle_request'
puma (5.6.7) lib/puma/thread_pool.rb:340:in `with_force_shutdown'
puma (5.6.7) lib/puma/request.rb:76:in `handle_request'
puma (5.6.7) lib/puma/server.rb:443:in `process_client'
puma (5.6.7) lib/puma/thread_pool.rb:147:in `block in spawn_thread'
Started GET "/api/v1/events" for ::1 at 2023-08-19 19:05:39 +0530
Processing by Api::V1::EventsController#index as */*
No template found for Api::V1::EventsController#index, rendering head :no_content
Completed 204 No Content in 3ms (ActiveRecord: 0.0ms | Allocations: 1636)


Started GET "/api/v1/events" for ::1 at 2023-08-19 19:05:53 +0530
Processing by Api::V1::EventsController#index as */*
No template found for Api::V1::EventsController#index, rendering head :no_content
Completed 204 No Content in 0ms (ActiveRecord: 0.0ms | Allocations: 230)


Started POST "/api/v1/events" for ::1 at 2023-08-19 19:06:24 +0530
Processing by Api::V1::EventsController#create as */*
Can't verify CSRF token authenticity.
No template found for Api::V1::EventsController#create, rendering head :no_content
Completed 204 No Content in 1ms (ActiveRecord: 0.0ms | Allocations: 468)


Started POST "/api/v1/events" for ::1 at 2023-08-19 19:07:00 +0530
Processing by Api::V1::EventsController#create as */*
Can't verify CSRF token authenticity.
No template found for Api::V1::EventsController#create, rendering head :no_content
Completed 204 No Content in 1ms (ActiveRecord: 0.0ms | Allocations: 310)


Started POST "/api/v1/events" for ::1 at 2023-08-19 19:11:14 +0530
Processing by Api::V1::EventsController#create as */*
  Parameters: {"name"=>"Order Viewed", "description"=>"Whose order viewed", "rules"=>{"$schema"=>"http://json-schema.org/draft-07/schema#", "type"=>"object", "properties"=>{"type"=>"object", "properties"=>{"product"=>{"type"=>["string"]}, "price"=>{"type"=>["number"]}, "currency"=>{"type"=>["string"]}}, "required"=>["product", "price", "currency"]}}, "event"=>{"name"=>"Order Viewed", "description"=>"Whose order viewed", "rules"=>{"$schema"=>"http://json-schema.org/draft-07/schema#", "type"=>"object", "properties"=>{"type"=>"object", "properties"=>{"product"=>{"type"=>["string"]}, "price"=>{"type"=>["number"]}, "currency"=>{"type"=>["string"]}}, "required"=>["product", "price", "currency"]}}}}
Can't verify CSRF token authenticity.
No template found for Api::V1::EventsController#create, rendering head :no_content
Completed 204 No Content in 1ms (ActiveRecord: 0.4ms | Allocations: 372)


Started POST "/api/v1/events" for ::1 at 2023-08-19 19:12:17 +0530
  
NoMethodError (undefined method `protect_from_forgery' for Api::V1::EventsController:Class

      protect_from_forgery with: :null_session
      ^^^^^^^^^^^^^^^^^^^^):
  
app/controllers/api/v1/events_controller.rb:4:in `<class:EventsController>'
app/controllers/api/v1/events_controller.rb:3:in `<module:V1>'
app/controllers/api/v1/events_controller.rb:2:in `<module:Api>'
app/controllers/api/v1/events_controller.rb:1:in `<main>'
Started POST "/api/v1/events" for ::1 at 2023-08-19 19:12:31 +0530
Processing by Api::V1::EventsController#create as */*
  Parameters: {"name"=>"Order Viewed", "description"=>"Whose order viewed", "rules"=>{"$schema"=>"http://json-schema.org/draft-07/schema#", "type"=>"object", "properties"=>{"type"=>"object", "properties"=>{"product"=>{"type"=>["string"]}, "price"=>{"type"=>["number"]}, "currency"=>{"type"=>["string"]}}, "required"=>["product", "price", "currency"]}}, "event"=>{"name"=>"Order Viewed", "description"=>"Whose order viewed", "rules"=>{"$schema"=>"http://json-schema.org/draft-07/schema#", "type"=>"object", "properties"=>{"type"=>"object", "properties"=>{"product"=>{"type"=>["string"]}, "price"=>{"type"=>["number"]}, "currency"=>{"type"=>["string"]}}, "required"=>["product", "price", "currency"]}}}}
No template found for Api::V1::EventsController#create, rendering head :no_content
Completed 204 No Content in 0ms (ActiveRecord: 0.3ms | Allocations: 403)


Started POST "/api/v1/events" for ::1 at 2023-08-19 19:14:07 +0530
  
NoMethodError (undefined method `api' for Api::V1::EventsController:Class

      api :GET, 'api/v1/events', 'Create a new event'
      ^^^):
  
app/controllers/api/v1/events_controller.rb:6:in `<class:EventsController>'
app/controllers/api/v1/events_controller.rb:4:in `<module:V1>'
app/controllers/api/v1/events_controller.rb:2:in `<module:Api>'
app/controllers/api/v1/events_controller.rb:1:in `<main>'
Started POST "/api/v1/events" for ::1 at 2023-08-19 19:16:10 +0530
Processing by Api::V1::EventsController#create as */*
  Parameters: {"name"=>"Order Viewed", "description"=>"Whose order viewed", "rules"=>{"$schema"=>"http://json-schema.org/draft-07/schema#", "type"=>"object", "properties"=>{"type"=>"object", "properties"=>{"product"=>{"type"=>["string"]}, "price"=>{"type"=>["number"]}, "currency"=>{"type"=>["string"]}}, "required"=>["product", "price", "currency"]}}, "event"=>{"name"=>"Order Viewed", "description"=>"Whose order viewed", "rules"=>{"$schema"=>"http://json-schema.org/draft-07/schema#", "type"=>"object", "properties"=>{"type"=>"object", "properties"=>{"product"=>{"type"=>["string"]}, "price"=>{"type"=>["number"]}, "currency"=>{"type"=>["string"]}}, "required"=>["product", "price", "currency"]}}}}
No template found for Api::V1::EventsController#create, rendering head :no_content
Completed 204 No Content in 1ms (ActiveRecord: 0.4ms | Allocations: 240)


Started POST "/api/v1/events" for ::1 at 2023-08-19 19:16:15 +0530
Processing by Api::V1::EventsController#create as */*
  Parameters: {"name"=>"", "description"=>"Whose order viewed", "rules"=>{"$schema"=>"http://json-schema.org/draft-07/schema#", "type"=>"object", "properties"=>{"type"=>"object", "properties"=>{"product"=>{"type"=>["string"]}, "price"=>{"type"=>["number"]}, "currency"=>{"type"=>["string"]}}, "required"=>["product", "price", "currency"]}}, "event"=>{"name"=>"", "description"=>"Whose order viewed", "rules"=>{"$schema"=>"http://json-schema.org/draft-07/schema#", "type"=>"object", "properties"=>{"type"=>"object", "properties"=>{"product"=>{"type"=>["string"]}, "price"=>{"type"=>["number"]}, "currency"=>{"type"=>["string"]}}, "required"=>["product", "price", "currency"]}}}}
Completed 422 Unprocessable Entity in 2ms (Views: 1.8ms | ActiveRecord: 0.0ms | Allocations: 318)


Started POST "/api/v1/events" for ::1 at 2023-08-19 19:16:44 +0530
Processing by Api::V1::EventsController#create as */*
  Parameters: {"name"=>"Order Viewed", "description"=>"Whose order viewed", "rules"=>{"$schema"=>"http://json-schema.org/draft-07/schema#", "type"=>"object", "properties"=>{"type"=>"object", "properties"=>{"product"=>{"type"=>["string"]}, "price"=>{"type"=>["number"]}, "currency"=>{"type"=>["string"]}}, "required"=>["product", "price", "currency"]}}, "event"=>{"name"=>"Order Viewed", "description"=>"Whose order viewed", "rules"=>{"$schema"=>"http://json-schema.org/draft-07/schema#", "type"=>"object", "properties"=>{"type"=>"object", "properties"=>{"product"=>{"type"=>["string"]}, "price"=>{"type"=>["number"]}, "currency"=>{"type"=>["string"]}}, "required"=>["product", "price", "currency"]}}}}
No template found for Api::V1::EventsController#create, rendering head :no_content
Completed 204 No Content in 0ms (ActiveRecord: 0.4ms | Allocations: 235)


Started POST "/api/v1/events" for ::1 at 2023-08-19 19:24:41 +0530
Processing by Api::V1::EventsController#create as */*
  Parameters: {"name"=>"Order Viewed", "description"=>"Whose order viewed", "rules"=>{"$schema"=>"http://json-schema.org/draft-07/schema#", "type"=>"object", "properties"=>{"type"=>"object", "properties"=>{"product"=>{"type"=>["string"]}, "price"=>{"type"=>["number"]}, "currency"=>{"type"=>["string"]}}, "required"=>["product", "price", "currency"]}}, "event"=>{"name"=>"Order Viewed", "description"=>"Whose order viewed", "rules"=>{"$schema"=>"http://json-schema.org/draft-07/schema#", "type"=>"object", "properties"=>{"type"=>"object", "properties"=>{"product"=>{"type"=>["string"]}, "price"=>{"type"=>["number"]}, "currency"=>{"type"=>["string"]}}, "required"=>["product", "price", "currency"]}}}}
  [1m[36mEvent Load (0.3ms)[0m  [1m[34mSELECT "events".* FROM "events" WHERE "events"."name" = ? LIMIT ?[0m  [["name", "Order Viewed"], ["LIMIT", 1]]
  ↳ app/controllers/api/v1/events_controller.rb:38:in `name_exists'
Completed 500 Internal Server Error in 9ms (ActiveRecord: 0.5ms | Allocations: 3435)


  
NoMethodError (undefined method `exists?' for nil:NilClass

        Event.find_by(name: name).exists?
                                 ^^^^^^^^):
  
app/controllers/api/v1/events_controller.rb:38:in `name_exists'
app/controllers/api/v1/events_controller.rb:19:in `create'
Started POST "/api/v1/events" for ::1 at 2023-08-19 19:25:04 +0530
Processing by Api::V1::EventsController#create as */*
  Parameters: {"name"=>"Order Viewed", "description"=>"Whose order viewed", "rules"=>{"$schema"=>"http://json-schema.org/draft-07/schema#", "type"=>"object", "properties"=>{"type"=>"object", "properties"=>{"product"=>{"type"=>["string"]}, "price"=>{"type"=>["number"]}, "currency"=>{"type"=>["string"]}}, "required"=>["product", "price", "currency"]}}, "event"=>{"name"=>"Order Viewed", "description"=>"Whose order viewed", "rules"=>{"$schema"=>"http://json-schema.org/draft-07/schema#", "type"=>"object", "properties"=>{"type"=>"object", "properties"=>{"product"=>{"type"=>["string"]}, "price"=>{"type"=>["number"]}, "currency"=>{"type"=>["string"]}}, "required"=>["product", "price", "currency"]}}}}
  [1m[36mEvent Exists? (0.2ms)[0m  [1m[34mSELECT 1 AS one FROM "events" WHERE "events"."name" = ? LIMIT ?[0m  [["name", "Order Viewed"], ["LIMIT", 1]]
  ↳ app/controllers/api/v1/events_controller.rb:38:in `name_exists'
  [1m[36mTRANSACTION (0.0ms)[0m  [1m[36mbegin transaction[0m
  ↳ app/controllers/api/v1/events_controller.rb:27:in `create'
  [1m[36mEvent Create (0.7ms)[0m  [1m[32mINSERT INTO "events" ("name", "description", "rules", "created_at", "updated_at") VALUES (?, ?, ?, ?, ?)[0m  [["name", "Order Viewed"], ["description", "Whose order viewed"], ["rules", "{\"$schema\":\"http://json-schema.org/draft-07/schema#\",\"type\":\"object\",\"properties\":{\"type\":\"object\",\"properties\":{\"product\":{\"type\":[\"string\"]},\"price\":{\"type\":[\"number\"]},\"currency\":{\"type\":[\"string\"]}},\"required\":[\"product\",\"price\",\"currency\"]}}"], ["created_at", "2023-08-19 13:55:04.315150"], ["updated_at", "2023-08-19 13:55:04.315150"]]
  ↳ app/controllers/api/v1/events_controller.rb:27:in `create'
  [1m[36mTRANSACTION (0.3ms)[0m  [1m[36mcommit transaction[0m
  ↳ app/controllers/api/v1/events_controller.rb:27:in `create'
Completed 200 OK in 12ms (Views: 0.1ms | ActiveRecord: 1.7ms | Allocations: 8651)


Started POST "/api/v1/events" for ::1 at 2023-08-19 19:25:08 +0530
Processing by Api::V1::EventsController#create as */*
  Parameters: {"name"=>"Order Viewed", "description"=>"Whose order viewed", "rules"=>{"$schema"=>"http://json-schema.org/draft-07/schema#", "type"=>"object", "properties"=>{"type"=>"object", "properties"=>{"product"=>{"type"=>["string"]}, "price"=>{"type"=>["number"]}, "currency"=>{"type"=>["string"]}}, "required"=>["product", "price", "currency"]}}, "event"=>{"name"=>"Order Viewed", "description"=>"Whose order viewed", "rules"=>{"$schema"=>"http://json-schema.org/draft-07/schema#", "type"=>"object", "properties"=>{"type"=>"object", "properties"=>{"product"=>{"type"=>["string"]}, "price"=>{"type"=>["number"]}, "currency"=>{"type"=>["string"]}}, "required"=>["product", "price", "currency"]}}}}
  [1m[36mEvent Exists? (0.4ms)[0m  [1m[34mSELECT 1 AS one FROM "events" WHERE "events"."name" = ? LIMIT ?[0m  [["name", "Order Viewed"], ["LIMIT", 1]]
  ↳ app/controllers/api/v1/events_controller.rb:38:in `name_exists'
Completed 422 Unprocessable Entity in 4ms (Views: 0.2ms | ActiveRecord: 0.4ms | Allocations: 768)


Started POST "/api/v1/events" for ::1 at 2023-08-19 19:51:26 +0530
Processing by Api::V1::EventsController#create as */*
  Parameters: {"name"=>"Order Viewed", "description"=>"Whose order viewed", "rules"=>{"$schema"=>"http://json-schema.org/draft-07/schema#", "type"=>"object", "properties"=>{"type"=>"object", "properties"=>{"product"=>{"type"=>["string"]}, "price"=>{"type"=>["number"]}, "currency"=>{"type"=>["string"]}}, "required"=>["product", "price", "currency"]}}, "event"=>{"name"=>"Order Viewed", "description"=>"Whose order viewed", "rules"=>{"$schema"=>"http://json-schema.org/draft-07/schema#", "type"=>"object", "properties"=>{"type"=>"object", "properties"=>{"product"=>{"type"=>["string"]}, "price"=>{"type"=>["number"]}, "currency"=>{"type"=>["string"]}}, "required"=>["product", "price", "currency"]}}}}
  [1m[36mEvent Exists? (0.4ms)[0m  [1m[34mSELECT 1 AS one FROM "events" WHERE "events"."name" = ? LIMIT ?[0m  [["name", "Order Viewed"], ["LIMIT", 1]]
  ↳ app/controllers/api/v1/events_controller.rb:37:in `name_exists'
Completed 422 Unprocessable Entity in 2ms (Views: 0.2ms | ActiveRecord: 0.6ms | Allocations: 1094)


Started POST "/api/v1/events" for ::1 at 2023-08-19 19:51:27 +0530
Processing by Api::V1::EventsController#create as */*
  Parameters: {"name"=>"Order Viewed", "description"=>"Whose order viewed", "rules"=>{"$schema"=>"http://json-schema.org/draft-07/schema#", "type"=>"object", "properties"=>{"type"=>"object", "properties"=>{"product"=>{"type"=>["string"]}, "price"=>{"type"=>["number"]}, "currency"=>{"type"=>["string"]}}, "required"=>["product", "price", "currency"]}}, "event"=>{"name"=>"Order Viewed", "description"=>"Whose order viewed", "rules"=>{"$schema"=>"http://json-schema.org/draft-07/schema#", "type"=>"object", "properties"=>{"type"=>"object", "properties"=>{"product"=>{"type"=>["string"]}, "price"=>{"type"=>["number"]}, "currency"=>{"type"=>["string"]}}, "required"=>["product", "price", "currency"]}}}}
  [1m[36mEvent Exists? (0.2ms)[0m  [1m[34mSELECT 1 AS one FROM "events" WHERE "events"."name" = ? LIMIT ?[0m  [["name", "Order Viewed"], ["LIMIT", 1]]
  ↳ app/controllers/api/v1/events_controller.rb:37:in `name_exists'
Completed 422 Unprocessable Entity in 2ms (Views: 0.2ms | ActiveRecord: 0.2ms | Allocations: 701)


Started POST "/api/v1/events" for ::1 at 2023-08-19 19:51:27 +0530
Processing by Api::V1::EventsController#create as */*
  Parameters: {"name"=>"Order Viewed", "description"=>"Whose order viewed", "rules"=>{"$schema"=>"http://json-schema.org/draft-07/schema#", "type"=>"object", "properties"=>{"type"=>"object", "properties"=>{"product"=>{"type"=>["string"]}, "price"=>{"type"=>["number"]}, "currency"=>{"type"=>["string"]}}, "required"=>["product", "price", "currency"]}}, "event"=>{"name"=>"Order Viewed", "description"=>"Whose order viewed", "rules"=>{"$schema"=>"http://json-schema.org/draft-07/schema#", "type"=>"object", "properties"=>{"type"=>"object", "properties"=>{"product"=>{"type"=>["string"]}, "price"=>{"type"=>["number"]}, "currency"=>{"type"=>["string"]}}, "required"=>["product", "price", "currency"]}}}}
  [1m[36mEvent Exists? (0.2ms)[0m  [1m[34mSELECT 1 AS one FROM "events" WHERE "events"."name" = ? LIMIT ?[0m  [["name", "Order Viewed"], ["LIMIT", 1]]
  ↳ app/controllers/api/v1/events_controller.rb:37:in `name_exists'
Completed 422 Unprocessable Entity in 2ms (Views: 0.2ms | ActiveRecord: 0.2ms | Allocations: 698)


Started POST "/api/v1/events" for ::1 at 2023-08-19 19:51:28 +0530
Processing by Api::V1::EventsController#create as */*
  Parameters: {"name"=>"Order Viewed", "description"=>"Whose order viewed", "rules"=>{"$schema"=>"http://json-schema.org/draft-07/schema#", "type"=>"object", "properties"=>{"type"=>"object", "properties"=>{"product"=>{"type"=>["string"]}, "price"=>{"type"=>["number"]}, "currency"=>{"type"=>["string"]}}, "required"=>["product", "price", "currency"]}}, "event"=>{"name"=>"Order Viewed", "description"=>"Whose order viewed", "rules"=>{"$schema"=>"http://json-schema.org/draft-07/schema#", "type"=>"object", "properties"=>{"type"=>"object", "properties"=>{"product"=>{"type"=>["string"]}, "price"=>{"type"=>["number"]}, "currency"=>{"type"=>["string"]}}, "required"=>["product", "price", "currency"]}}}}
  [1m[36mEvent Exists? (0.3ms)[0m  [1m[34mSELECT 1 AS one FROM "events" WHERE "events"."name" = ? LIMIT ?[0m  [["name", "Order Viewed"], ["LIMIT", 1]]
  ↳ app/controllers/api/v1/events_controller.rb:37:in `name_exists'
Completed 422 Unprocessable Entity in 2ms (Views: 0.2ms | ActiveRecord: 0.3ms | Allocations: 698)


